[08:04:2026]-[17:32:17]_daemon_RUNNING
[08:04:2026]-[17:32:17]_secret_SUCCESS
[08:04:2026]-[17:32:17]_surprise_SUCCESS
[08:04:2026]-[17:32:27]_secret_SUCCESS
[08:04:2026]-[17:32:27]_surprise_SUCCESS
[08:04:2026]-[17:32:37]_secret_SUCCESS
[08:04:2026]-[17:32:37]_surprise_SUCCESS
[08:04:2026]-[17:32:47]_secret_SUCCESS
[08:04:2026]-[17:32:47]_surprise_SUCCESS
[08:04:2026]-[17:32:57]_secret_SUCCESS
[08:04:2026]-[17:32:57]_surprise_SUCCESS
[08:04:2026]-[17:33:07]_secret_SUCCESS
[08:04:2026]-[17:33:07]_surprise_SUCCESS
[08:04:2026]-[17:33:17]_secret_SUCCESS
[08:04:2026]-[17:33:17]_surprise_SUCCESS
[08:04:2026]-[17:33:27]_secret_SUCCESS
[08:04:2026]-[17:33:27]_surprise_SUCCESS
[08:04:2026]-[17:33:37]_secret_SUCCESS
[08:04:2026]-[17:33:37]_surprise_SUCCESS
[08:04:2026]-[17:33:47]_secret_SUCCESS
[08:04:2026]-[17:33:47]_surprise_SUCCESS
[08:04:2026]-[17:33:57]_secret_SUCCESS
[08:04:2026]-[17:33:57]_surprise_SUCCESS
[08:04:2026]-[17:34:07]_secret_SUCCESS
[08:04:2026]-[17:34:07]_surprise_SUCCESS
[08:04:2026]-[17:34:17]_secret_SUCCESS
[08:04:2026]-[17:34:17]_surprise_SUCCESS
[08:04:2026]-[17:34:27]_secret_SUCCESS
[08:04:2026]-[17:34:27]_surprise_SUCCESS
[08:04:2026]-[17:34:37]_secret_SUCCESS
[08:04:2026]-[17:34:37]_surprise_SUCCESS
[08:04:2026]-[17:34:47]_secret_SUCCESS
[08:04:2026]-[17:34:47]_surprise_SUCCESS
[08:04:2026]-[17:34:57]_secret_SUCCESS
[08:04:2026]-[17:34:57]_surprise_SUCCESS
[08:04:2026]-[17:35:07]_secret_SUCCESS
[08:04:2026]-[17:35:07]_surprise_SUCCESS
[08:04:2026]-[17:35:17]_secret_SUCCESS
[08:04:2026]-[17:35:17]_surprise_SUCCESS
[08:04:2026]-[17:35:27]_secret_SUCCESS
[08:04:2026]-[17:35:27]_surprise_SUCCESS
[08:04:2026]-[17:35:37]_secret_SUCCESS
[08:04:2026]-[17:35:37]_surprise_SUCCESS
[08:04:2026]-[17:35:47]_secret_SUCCESS
[08:04:2026]-[17:35:47]_surprise_SUCCESS
[08:04:2026]-[17:35:57]_secret_SUCCESS
[08:04:2026]-[17:35:57]_surprise_SUCCESS
[08:04:2026]-[17:36:07]_secret_SUCCESS
[08:04:2026]-[17:36:07]_surprise_SUCCESS
[08:04:2026]-[17:36:17]_secret_SUCCESS
[08:04:2026]-[17:36:17]_surprise_SUCCESS
[08:04:2026]-[17:36:27]_secret_SUCCESS
[08:04:2026]-[17:36:27]_surprise_SUCCESS
[08:04:2026]-[17:36:37]_secret_SUCCESS
[08:04:2026]-[17:36:37]_surprise_SUCCESS
[08:04:2026]-[17:36:47]_secret_SUCCESS
[08:04:2026]-[17:36:47]_surprise_SUCCESS
[08:04:2026]-[17:36:57]_secret_SUCCESS
[08:04:2026]-[17:36:57]_surprise_SUCCESS
[08:04:2026]-[17:37:07]_secret_SUCCESS
[08:04:2026]-[17:37:07]_surprise_SUCCESS
[08:04:2026]-[17:37:17]_secret_SUCCESS
[08:04:2026]-[17:37:17]_surprise_SUCCESS
[08:04:2026]-[17:37:27]_secret_SUCCESS
[08:04:2026]-[17:37:27]_surprise_SUCCESS
[08:04:2026]-[17:37:37]_secret_SUCCESS
[08:04:2026]-[17:37:37]_surprise_SUCCESS
[08:04:2026]-[17:37:47]_secret_SUCCESS
[08:04:2026]-[17:37:47]_surprise_SUCCESS
[08:04:2026]-[17:37:57]_secret_SUCCESS
[08:04:2026]-[17:37:57]_surprise_SUCCESS
[08:04:2026]-[17:38:07]_secret_SUCCESS
[08:04:2026]-[17:38:07]_surprise_SUCCESS
[08:04:2026]-[17:38:17]_secret_SUCCESS
[08:04:2026]-[17:38:17]_surprise_SUCCESS
[08:04:2026]-[17:38:27]_secret_SUCCESS
[08:04:2026]-[17:38:27]_surprise_SUCCESS
[08:04:2026]-[17:38:37]_secret_SUCCESS
[08:04:2026]-[17:38:37]_surprise_SUCCESS
[08:04:2026]-[17:38:47]_secret_SUCCESS
[08:04:2026]-[17:38:47]_surprise_SUCCESS
[08:04:2026]-[17:38:57]_secret_SUCCESS
[08:04:2026]-[17:38:57]_surprise_SUCCESS
[08:04:2026]-[17:39:07]_secret_SUCCESS
[08:04:2026]-[17:39:07]_surprise_SUCCESS
[08:04:2026]-[17:39:17]_secret_SUCCESS
[08:04:2026]-[17:39:17]_surprise_SUCCESS
[08:04:2026]-[17:39:27]_secret_SUCCESS
[08:04:2026]-[17:39:27]_surprise_SUCCESS
[08:04:2026]-[17:39:37]_secret_SUCCESS
[08:04:2026]-[17:39:37]_surprise_SUCCESS
[08:04:2026]-[17:39:47]_secret_SUCCESS
[08:04:2026]-[17:39:47]_surprise_SUCCESS
[08:04:2026]-[17:39:57]_secret_SUCCESS
[08:04:2026]-[17:39:57]_surprise_SUCCESS
[08:04:2026]-[17:40:07]_secret_SUCCESS
[08:04:2026]-[17:40:07]_surprise_SUCCESS
[08:04:2026]-[17:40:17]_secret_SUCCESS
[08:04:2026]-[17:40:17]_surprise_SUCCESS
[08:04:2026]-[17:40:27]_secret_SUCCESS
[08:04:2026]-[17:40:27]_surprise_SUCCESS
[08:04:2026]-[17:40:37]_secret_SUCCESS
[08:04:2026]-[17:40:37]_surprise_SUCCESS
[08:04:2026]-[17:40:47]_secret_SUCCESS
[08:04:2026]-[17:40:47]_surprise_SUCCESS
[08:04:2026]-[17:40:57]_secret_SUCCESS
[08:04:2026]-[17:40:57]_surprise_SUCCESS
[08:04:2026]-[17:41:07]_secret_SUCCESS
[08:04:2026]-[17:41:07]_surprise_SUCCESS
[08:04:2026]-[17:41:17]_secret_SUCCESS
[08:04:2026]-[17:41:17]_surprise_SUCCESS
[08:04:2026]-[17:41:27]_secret_SUCCESS
[08:04:2026]-[17:41:27]_surprise_SUCCESS
[08:04:2026]-[17:41:37]_secret_SUCCESS
[08:04:2026]-[17:41:37]_surprise_SUCCESS
[08:04:2026]-[17:41:47]_secret_SUCCESS
[08:04:2026]-[17:41:47]_surprise_SUCCESS
[08:04:2026]-[17:41:57]_secret_SUCCESS
[08:04:2026]-[17:41:57]_surprise_SUCCESS
[08:04:2026]-[17:42:07]_secret_SUCCESS
[08:04:2026]-[17:42:07]_surprise_SUCCESS
[08:04:2026]-[17:42:17]_secret_SUCCESS
[08:04:2026]-[17:42:17]_surprise_SUCCESS
[08:04:2026]-[17:42:27]_secret_SUCCESS
[08:04:2026]-[17:42:27]_surprise_SUCCESS
[08:04:2026]-[17:42:37]_secret_SUCCESS
[08:04:2026]-[17:42:37]_surprise_SUCCESS
[08:04:2026]-[17:42:47]_secret_SUCCESS
[08:04:2026]-[17:42:47]_surprise_SUCCESS
[08:04:2026]-[17:42:57]_secret_SUCCESS
[08:04:2026]-[17:42:57]_surprise_SUCCESS
[08:04:2026]-[17:43:07]_secret_SUCCESS
[08:04:2026]-[17:43:07]_surprise_SUCCESS
[08:04:2026]-[17:43:17]_secret_SUCCESS
[08:04:2026]-[17:43:17]_surprise_SUCCESS
[08:04:2026]-[17:43:27]_secret_SUCCESS
[08:04:2026]-[17:43:27]_surprise_SUCCESS
[08:04:2026]-[17:43:37]_secret_SUCCESS
[08:04:2026]-[17:43:37]_surprise_SUCCESS
[08:04:2026]-[17:43:47]_secret_SUCCESS
[08:04:2026]-[17:43:47]_surprise_SUCCESS
[08:04:2026]-[17:43:57]_secret_SUCCESS
[08:04:2026]-[17:43:57]_surprise_SUCCESS
[08:04:2026]-[17:44:07]_secret_SUCCESS
[08:04:2026]-[17:44:07]_surprise_SUCCESS
[08:04:2026]-[17:44:17]_secret_SUCCESS
[08:04:2026]-[17:44:17]_surprise_SUCCESS
[08:04:2026]-[17:44:27]_secret_SUCCESS
[08:04:2026]-[17:44:27]_surprise_SUCCESS
[08:04:2026]-[17:44:37]_secret_SUCCESS
[08:04:2026]-[17:44:37]_surprise_SUCCESS
[08:04:2026]-[17:44:47]_secret_SUCCESS
[08:04:2026]-[17:44:47]_surprise_SUCCESS
[08:04:2026]-[17:44:57]_secret_SUCCESS
[08:04:2026]-[17:44:57]_surprise_SUCCESS
[08:04:2026]-[17:45:07]_secret_SUCCESS
[08:04:2026]-[17:45:07]_surprise_SUCCESS
[08:04:2026]-[17:45:17]_secret_SUCCESS
[08:04:2026]-[17:45:17]_surprise_SUCCESS
[08:04:2026]-[17:45:27]_secret_SUCCESS
[08:04:2026]-[17:45:27]_surprise_SUCCESS
[08:04:2026]-[17:45:37]_secret_SUCCESS
[08:04:2026]-[17:45:37]_surprise_SUCCESS
[08:04:2026]-[17:45:47]_secret_SUCCESS
[08:04:2026]-[17:45:47]_surprise_SUCCESS
[08:04:2026]-[17:45:57]_secret_SUCCESS
[08:04:2026]-[17:45:57]_surprise_SUCCESS
[08:04:2026]-[17:46:07]_secret_SUCCESS
[08:04:2026]-[17:46:07]_surprise_SUCCESS
[08:04:2026]-[17:46:17]_secret_SUCCESS
[08:04:2026]-[17:46:17]_surprise_SUCCESS
[08:04:2026]-[17:46:27]_secret_SUCCESS
[08:04:2026]-[17:46:27]_surprise_SUCCESS
[08:04:2026]-[17:46:37]_secret_SUCCESS
[08:04:2026]-[17:46:37]_surprise_SUCCESS
[08:04:2026]-[17:46:47]_secret_SUCCESS
[08:04:2026]-[17:46:47]_surprise_SUCCESS
[08:04:2026]-[17:46:57]_secret_SUCCESS
[08:04:2026]-[17:46:57]_surprise_SUCCESS
[08:04:2026]-[17:47:07]_secret_SUCCESS
[08:04:2026]-[17:47:07]_surprise_SUCCESS
[08:04:2026]-[17:47:17]_secret_SUCCESS
[08:04:2026]-[17:47:17]_surprise_SUCCESS
[08:04:2026]-[17:47:27]_secret_SUCCESS
[08:04:2026]-[17:47:27]_surprise_SUCCESS
[08:04:2026]-[17:47:37]_secret_SUCCESS
[08:04:2026]-[17:47:37]_surprise_SUCCESS
[08:04:2026]-[17:47:47]_secret_SUCCESS
[08:04:2026]-[17:47:47]_surprise_SUCCESS
[08:04:2026]-[17:47:57]_secret_SUCCESS
[08:04:2026]-[17:47:57]_surprise_SUCCESS
[08:04:2026]-[17:48:07]_secret_SUCCESS
[08:04:2026]-[17:48:07]_surprise_SUCCESS
[08:04:2026]-[17:48:17]_secret_SUCCESS
[08:04:2026]-[17:48:17]_surprise_SUCCESS
[08:04:2026]-[17:48:27]_secret_SUCCESS
[08:04:2026]-[17:48:27]_surprise_SUCCESS
[08:04:2026]-[17:48:37]_secret_SUCCESS
[08:04:2026]-[17:48:37]_surprise_SUCCESS
[08:04:2026]-[17:48:47]_secret_SUCCESS
[08:04:2026]-[17:48:47]_surprise_SUCCESS
[08:04:2026]-[17:48:57]_secret_SUCCESS
[08:04:2026]-[17:48:57]_surprise_SUCCESS
[08:04:2026]-[17:49:07]_secret_SUCCESS
[08:04:2026]-[17:49:07]_surprise_SUCCESS
[08:04:2026]-[17:49:17]_secret_SUCCESS
[08:04:2026]-[17:49:17]_surprise_SUCCESS
[08:04:2026]-[17:49:27]_secret_SUCCESS
[08:04:2026]-[17:49:27]_surprise_SUCCESS
[08:04:2026]-[17:49:37]_secret_SUCCESS
[08:04:2026]-[17:49:37]_surprise_SUCCESS
[08:04:2026]-[17:49:47]_secret_SUCCESS
[08:04:2026]-[17:49:47]_surprise_SUCCESS
[08:04:2026]-[17:49:57]_secret_SUCCESS
[08:04:2026]-[17:49:57]_surprise_SUCCESS
[08:04:2026]-[17:50:06]_decrypt_SUCCESS
[08:04:2026]-[17:50:07]_secret_SUCCESS
[08:04:2026]-[17:50:07]_surprise_SUCCESS
[08:04:2026]-[17:50:17]_secret_SUCCESS
[08:04:2026]-[17:50:17]_surprise_SUCCESS
[08:04:2026]-[17:50:27]_secret_SUCCESS
[08:04:2026]-[17:50:27]_surprise_SUCCESS
[08:04:2026]-[17:50:37]_secret_SUCCESS
[08:04:2026]-[17:50:37]_surprise_SUCCESS
[08:04:2026]-[17:50:42]_decrypt_SUCCESS
[08:04:2026]-[17:50:47]_secret_SUCCESS
[08:04:2026]-[17:50:47]_surprise_SUCCESS
[08:04:2026]-[17:50:57]_secret_SUCCESS
[08:04:2026]-[17:50:57]_surprise_SUCCESS
[08:04:2026]-[17:51:03]_decrypt_SUCCESS
[08:04:2026]-[17:51:07]_secret_SUCCESS
[08:04:2026]-[17:51:07]_surprise_SUCCESS
[08:04:2026]-[17:51:15]_decrypt_SUCCESS
[08:04:2026]-[17:51:17]_secret_SUCCESS
[08:04:2026]-[17:51:17]_surprise_SUCCESS
[08:04:2026]-[17:51:27]_secret_SUCCESS
[08:04:2026]-[17:51:27]_surprise_SUCCESS
[08:04:2026]-[17:51:37]_secret_SUCCESS
[08:04:2026]-[17:51:37]_surprise_SUCCESS
[08:04:2026]-[17:51:47]_secret_SUCCESS
[08:04:2026]-[17:51:47]_surprise_SUCCESS
[08:04:2026]-[17:51:57]_secret_SUCCESS
[08:04:2026]-[17:51:57]_surprise_SUCCESS
[08:04:2026]-[17:52:07]_secret_SUCCESS
[08:04:2026]-[17:52:07]_surprise_SUCCESS
[08:04:2026]-[17:52:17]_secret_SUCCESS
[08:04:2026]-[17:52:17]_surprise_SUCCESS
[08:04:2026]-[17:52:27]_secret_SUCCESS
[08:04:2026]-[17:52:27]_surprise_SUCCESS
[08:04:2026]-[17:52:37]_secret_SUCCESS
[08:04:2026]-[17:52:37]_surprise_SUCCESS
[08:04:2026]-[17:52:47]_secret_SUCCESS
[08:04:2026]-[17:52:47]_surprise_SUCCESS
[08:04:2026]-[17:52:57]_secret_SUCCESS
[08:04:2026]-[17:52:57]_surprise_SUCCESS
[08:04:2026]-[17:53:07]_secret_SUCCESS
[08:04:2026]-[17:53:07]_surprise_SUCCESS
[08:04:2026]-[17:53:17]_secret_SUCCESS
[08:04:2026]-[17:53:17]_surprise_SUCCESS
[08:04:2026]-[17:53:27]_secret_SUCCESS
[08:04:2026]-[17:53:27]_surprise_SUCCESS
[08:04:2026]-[17:53:37]_secret_SUCCESS
[08:04:2026]-[17:53:37]_surprise_SUCCESS
[08:04:2026]-[17:53:47]_secret_SUCCESS
[08:04:2026]-[17:53:47]_surprise_SUCCESS
[08:04:2026]-[17:53:57]_secret_SUCCESS
[08:04:2026]-[17:53:57]_surprise_SUCCESS
[08:04:2026]-[17:54:07]_secret_SUCCESS
[08:04:2026]-[17:54:07]_surprise_SUCCESS
[08:04:2026]-[17:54:17]_secret_SUCCESS
[08:04:2026]-[17:54:17]_surprise_SUCCESS
[08:04:2026]-[17:54:27]_secret_SUCCESS
[08:04:2026]-[17:54:27]_surprise_SUCCESS
[08:04:2026]-[17:54:37]_secret_SUCCESS
[08:04:2026]-[17:54:37]_surprise_SUCCESS
[08:04:2026]-[17:54:47]_secret_SUCCESS
[08:04:2026]-[17:54:47]_surprise_SUCCESS
[08:04:2026]-[17:54:57]_secret_SUCCESS
[08:04:2026]-[17:54:57]_surprise_SUCCESS
[08:04:2026]-[17:55:07]_secret_SUCCESS
[08:04:2026]-[17:55:07]_surprise_SUCCESS
[08:04:2026]-[17:55:17]_secret_SUCCESS
[08:04:2026]-[17:55:17]_surprise_SUCCESS
[08:04:2026]-[17:55:27]_secret_SUCCESS
[08:04:2026]-[17:55:27]_surprise_SUCCESS
[08:04:2026]-[17:55:37]_secret_SUCCESS
[08:04:2026]-[17:55:37]_surprise_SUCCESS
[08:04:2026]-[17:55:47]_secret_SUCCESS
[08:04:2026]-[17:55:47]_surprise_SUCCESS
[08:04:2026]-[17:55:57]_secret_SUCCESS
[08:04:2026]-[17:55:57]_surprise_SUCCESS
[08:04:2026]-[17:56:07]_secret_SUCCESS
[08:04:2026]-[17:56:07]_surprise_SUCCESS
[08:04:2026]-[17:56:17]_secret_SUCCESS
[08:04:2026]-[17:56:17]_surprise_SUCCESS
[08:04:2026]-[17:56:27]_secret_SUCCESS
[08:04:2026]-[17:56:27]_surprise_SUCCESS
[08:04:2026]-[17:56:37]_secret_SUCCESS
[08:04:2026]-[17:56:37]_surprise_SUCCESS
[08:04:2026]-[17:56:47]_secret_SUCCESS
[08:04:2026]-[17:56:47]_surprise_SUCCESS
[08:04:2026]-[17:56:57]_secret_SUCCESS
[08:04:2026]-[17:56:57]_surprise_SUCCESS
[08:04:2026]-[17:57:07]_secret_SUCCESS
[08:04:2026]-[17:57:07]_surprise_SUCCESS
[08:04:2026]-[17:57:17]_secret_SUCCESS
[08:04:2026]-[17:57:17]_surprise_SUCCESS
[08:04:2026]-[17:57:24]_kill_SUCCESS
